{
  "RSpec": {
    "coverage": {
      "/home/alex/RubymineProjects/goods/app/models/user.rb": [
        null,
        null,
        1,
        null,
        null,
        1,
        null,
        1,
        null,
        1,
        1,
        null,
        1,
        null,
        null,
        null,
        null,
        null,
        1,
        null,
        null
      ],
      "/home/alex/RubymineProjects/goods/app/models/application_record.rb": [
        1,
        1,
        null
      ],
      "/home/alex/RubymineProjects/goods/app/helpers/application_helper.rb": [
        1,
        null
      ],
      "/home/alex/RubymineProjects/goods/app/helpers/goods_helper.rb": [
        1,
        null
      ],
      "/home/alex/RubymineProjects/goods/app/helpers/revenue_helper.rb": [
        1,
        null
      ],
      "/home/alex/RubymineProjects/goods/app/helpers/sales_helper.rb": [
        1,
        null
      ],
      "/home/alex/RubymineProjects/goods/app/controllers/api/goods_controller.rb": [
        1,
        1,
        1,
        null,
        null,
        1,
        2,
        null,
        null,
        null,
        1,
        null,
        null,
        1,
        2,
        null,
        null,
        null,
        1,
        null,
        null,
        1,
        5,
        5,
        1,
        null,
        null,
        4,
        4,
        null,
        1,
        null,
        1,
        null,
        null,
        null,
        1,
        6,
        6,
        3,
        null,
        null,
        3,
        null,
        3,
        null,
        null,
        null,
        1,
        3,
        3,
        null,
        null,
        null,
        1,
        3,
        null,
        null,
        null,
        1,
        1,
        null,
        null,
        1,
        null,
        null,
        1,
        17,
        null,
        null,
        null,
        1,
        11,
        null,
        null,
        1,
        9,
        null,
        null,
        1,
        4,
        4,
        null,
        1,
        1,
        null,
        null,
        1,
        5,
        5,
        null,
        3,
        3,
        5,
        5,
        2,
        null,
        null,
        null,
        null,
        3,
        2,
        1,
        null,
        1,
        null,
        null,
        null,
        null,
        null,
        null,
        null,
        1,
        1,
        null,
        1,
        1,
        null,
        1,
        null,
        null
      ],
      "/home/alex/RubymineProjects/goods/app/controllers/api/api_controller.rb": [
        1,
        1,
        1,
        null
      ],
      "/home/alex/RubymineProjects/goods/app/controllers/goods_controller.rb": [
        1,
        1,
        null,
        null,
        1,
        2,
        null,
        null,
        null,
        1,
        null,
        null,
        1,
        2,
        null,
        null,
        null,
        1,
        null,
        null,
        1,
        5,
        5,
        null,
        4,
        3,
        null,
        1,
        null,
        null,
        null,
        null,
        1,
        4,
        3,
        null,
        1,
        null,
        null,
        null,
        null,
        1,
        3,
        3,
        null,
        null,
        1,
        null,
        null,
        1,
        11,
        null,
        null,
        null,
        1,
        9,
        null,
        null,
        null,
        null,
        1,
        7,
        null,
        null,
        1,
        7,
        7,
        null,
        1,
        1,
        null,
        null
      ],
      "/home/alex/RubymineProjects/goods/app/controllers/application_controller.rb": [
        1,
        null
      ],
      "/home/alex/RubymineProjects/goods/app/controllers/revenue_controller.rb": [
        1,
        1,
        null
      ],
      "/home/alex/RubymineProjects/goods/app/controllers/sales_controller.rb": [
        1,
        null,
        1,
        6,
        6,
        null,
        1,
        null,
        null,
        5,
        5,
        null,
        1,
        null,
        null,
        4,
        4,
        4,
        3,
        null,
        1,
        null,
        null,
        1,
        null,
        3,
        null,
        null,
        1,
        null,
        null,
        2,
        null,
        null,
        null,
        2,
        2,
        null,
        null,
        1,
        1,
        1,
        null,
        null,
        null,
        null,
        2,
        null,
        null,
        null,
        null,
        null,
        null,
        null
      ],
      "/home/alex/RubymineProjects/goods/app/models/good.rb": [
        1,
        1,
        null,
        172,
        null,
        null,
        null,
        1,
        null,
        null,
        1,
        null,
        1,
        1,
        null,
        1,
        null,
        null,
        1,
        1,
        57,
        1,
        null,
        56,
        56,
        56,
        1211,
        56,
        56,
        null,
        1155,
        null,
        null,
        55,
        null,
        null,
        null,
        null
      ],
      "/home/alex/RubymineProjects/goods/app/models/sale.rb": [
        1,
        null,
        1,
        null,
        1,
        1,
        null,
        1,
        1178,
        null,
        3,
        3,
        null,
        null
      ],
      "/home/alex/RubymineProjects/goods/app/controllers/api/devise_token_auth/sessions_controller.rb": [
        null,
        1,
        1,
        null,
        1,
        null,
        1,
        3,
        null,
        null
      ],
      "/home/alex/RubymineProjects/goods/app/mailers/application_mailer.rb": [
        null,
        null,
        null,
        null
      ],
      "/home/alex/RubymineProjects/goods/app/channels/application_cable/connection.rb": [
        null,
        null
      ],
      "/home/alex/RubymineProjects/goods/app/channels/application_cable/channel.rb": [
        null,
        null
      ],
      "/home/alex/RubymineProjects/goods/app/jobs/application_job.rb": [
        null,
        null
      ]
    },
    "timestamp": 1551375995
  }
}
